  Compiling CUDA source file kernel.cu...
  
  D:\Yoon\Cuda\CudaRayTracing\CudaRayTracing>"C:\Program Files\NVIDIA GPU Computing Toolkit\CUDA\v8.0\bin\nvcc.exe" -gencode=arch=compute_20,code=\"sm_20,compute_20\" --use-local-env --cl-version 2015 -ccbin "C:\Program Files (x86)\Microsoft Visual Studio 14.0\VC\bin\x86_amd64"  -I../common/inc -I"C:\Program Files\NVIDIA GPU Computing Toolkit\CUDA\v8.0\include" -I"C:\Program Files\NVIDIA GPU Computing Toolkit\CUDA\v8.0\include"  -G   --keep-dir x64\Debug -maxrregcount=0  --machine 64 --compile -cudart static  -g   -DWIN32 -DWIN64 -D_DEBUG -D_CONSOLE -D_MBCS -Xcompiler "/EHsc /W3 /nologo /Od /FS /Zi /RTC1 /MDd " -o x64\Debug\kernel.cu.obj "D:\Yoon\Cuda\CudaRayTracing\CudaRayTracing\kernel.cu" 
c:\program files\nvidia gpu computing toolkit\cuda\v8.0\include\math_functions.h : warning C4819: 현재 코드 페이지(949)에서 표시할 수 없는 문자가 파일에 들어 있습니다. 데이터가 손실되지 않게 하려면 해당 파일을 유니코드 형식으로 저장하십시오.
c:\program files\nvidia gpu computing toolkit\cuda\v8.0\include\math_functions.h(849): warning C4819: 현재 코드 페이지(949)에서 표시할 수 없는 문자가 파일에 들어 있습니다. 데이터가 손실되지 않게 하려면 해당 파일을 유니코드 형식으로 저장하십시오.
c:\program files\nvidia gpu computing toolkit\cuda\v8.0\include\math_functions.h(1787): warning C4819: 현재 코드 페이지(949)에서 표시할 수 없는 문자가 파일에 들어 있습니다. 데이터가 손실되지 않게 하려면 해당 파일을 유니코드 형식으로 저장하십시오.
c:\program files\nvidia gpu computing toolkit\cuda\v8.0\include\math_functions.h(2637): warning C4819: 현재 코드 페이지(949)에서 표시할 수 없는 문자가 파일에 들어 있습니다. 데이터가 손실되지 않게 하려면 해당 파일을 유니코드 형식으로 저장하십시오.
c:\program files\nvidia gpu computing toolkit\cuda\v8.0\include\math_functions.h(3492): warning C4819: 현재 코드 페이지(949)에서 표시할 수 없는 문자가 파일에 들어 있습니다. 데이터가 손실되지 않게 하려면 해당 파일을 유니코드 형식으로 저장하십시오.
c:\program files\nvidia gpu computing toolkit\cuda\v8.0\include\math_functions.h(4431): warning C4819: 현재 코드 페이지(949)에서 표시할 수 없는 문자가 파일에 들어 있습니다. 데이터가 손실되지 않게 하려면 해당 파일을 유니코드 형식으로 저장하십시오.
c:\program files\nvidia gpu computing toolkit\cuda\v8.0\include\math_functions.h(5345): warning C4819: 현재 코드 페이지(949)에서 표시할 수 없는 문자가 파일에 들어 있습니다. 데이터가 손실되지 않게 하려면 해당 파일을 유니코드 형식으로 저장하십시오.
c:\program files\nvidia gpu computing toolkit\cuda\v8.0\include\math_functions.h(6252): warning C4819: 현재 코드 페이지(949)에서 표시할 수 없는 문자가 파일에 들어 있습니다. 데이터가 손실되지 않게 하려면 해당 파일을 유니코드 형식으로 저장하십시오.
c:\program files\nvidia gpu computing toolkit\cuda\v8.0\include\math_functions.h(7142): warning C4819: 현재 코드 페이지(949)에서 표시할 수 없는 문자가 파일에 들어 있습니다. 데이터가 손실되지 않게 하려면 해당 파일을 유니코드 형식으로 저장하십시오.
c:\program files\nvidia gpu computing toolkit\cuda\v8.0\include\math_functions.h(7956): warning C4819: 현재 코드 페이지(949)에서 표시할 수 없는 문자가 파일에 들어 있습니다. 데이터가 손실되지 않게 하려면 해당 파일을 유니코드 형식으로 저장하십시오.
c:\program files\nvidia gpu computing toolkit\cuda\v8.0\include\device_functions.h : warning C4819: 현재 코드 페이지(949)에서 표시할 수 없는 문자가 파일에 들어 있습니다. 데이터가 손실되지 않게 하려면 해당 파일을 유니코드 형식으로 저장하십시오.
c:\program files\nvidia gpu computing toolkit\cuda\v8.0\include\device_functions.h(774): warning C4819: 현재 코드 페이지(949)에서 표시할 수 없는 문자가 파일에 들어 있습니다. 데이터가 손실되지 않게 하려면 해당 파일을 유니코드 형식으로 저장하십시오.
c:\program files\nvidia gpu computing toolkit\cuda\v8.0\include\device_functions.h(1618): warning C4819: 현재 코드 페이지(949)에서 표시할 수 없는 문자가 파일에 들어 있습니다. 데이터가 손실되지 않게 하려면 해당 파일을 유니코드 형식으로 저장하십시오.
c:\program files\nvidia gpu computing toolkit\cuda\v8.0\include\device_double_functions.h : warning C4819: 현재 코드 페이지(949)에서 표시할 수 없는 문자가 파일에 들어 있습니다. 데이터가 손실되지 않게 하려면 해당 파일을 유니코드 형식으로 저장하십시오.
c:\program files\nvidia gpu computing toolkit\cuda\v8.0\include\sm_20_intrinsics.h : warning C4819: 현재 코드 페이지(949)에서 표시할 수 없는 문자가 파일에 들어 있습니다. 데이터가 손실되지 않게 하려면 해당 파일을 유니코드 형식으로 저장하십시오.
c:\program files\nvidia gpu computing toolkit\cuda\v8.0\include\sm_20_intrinsics.h(943): warning C4819: 현재 코드 페이지(949)에서 표시할 수 없는 문자가 파일에 들어 있습니다. 데이터가 손실되지 않게 하려면 해당 파일을 유니코드 형식으로 저장하십시오.
C:\Program Files\NVIDIA GPU Computing Toolkit\CUDA\v8.0\include\math_functions.h : warning C4819: 현재 코드 페이지(949)에서 표시할 수 없는 문자가 파일에 들어 있습니다. 데이터가 손실되지 않게 하려면 해당 파일을 유니코드 형식으로 저장하십시오.
C:\Program Files\NVIDIA GPU Computing Toolkit\CUDA\v8.0\include\math_functions.h(849): warning C4819: 현재 코드 페이지(949)에서 표시할 수 없는 문자가 파일에 들어 있습니다. 데이터가 손실되지 않게 하려면 해당 파일을 유니코드 형식으로 저장하십시오.
C:\Program Files\NVIDIA GPU Computing Toolkit\CUDA\v8.0\include\math_functions.h(1787): warning C4819: 현재 코드 페이지(949)에서 표시할 수 없는 문자가 파일에 들어 있습니다. 데이터가 손실되지 않게 하려면 해당 파일을 유니코드 형식으로 저장하십시오.
C:\Program Files\NVIDIA GPU Computing Toolkit\CUDA\v8.0\include\math_functions.h(2637): warning C4819: 현재 코드 페이지(949)에서 표시할 수 없는 문자가 파일에 들어 있습니다. 데이터가 손실되지 않게 하려면 해당 파일을 유니코드 형식으로 저장하십시오.
C:\Program Files\NVIDIA GPU Computing Toolkit\CUDA\v8.0\include\math_functions.h(3492): warning C4819: 현재 코드 페이지(949)에서 표시할 수 없는 문자가 파일에 들어 있습니다. 데이터가 손실되지 않게 하려면 해당 파일을 유니코드 형식으로 저장하십시오.
C:\Program Files\NVIDIA GPU Computing Toolkit\CUDA\v8.0\include\math_functions.h(4431): warning C4819: 현재 코드 페이지(949)에서 표시할 수 없는 문자가 파일에 들어 있습니다. 데이터가 손실되지 않게 하려면 해당 파일을 유니코드 형식으로 저장하십시오.
C:\Program Files\NVIDIA GPU Computing Toolkit\CUDA\v8.0\include\math_functions.h(5345): warning C4819: 현재 코드 페이지(949)에서 표시할 수 없는 문자가 파일에 들어 있습니다. 데이터가 손실되지 않게 하려면 해당 파일을 유니코드 형식으로 저장하십시오.
C:\Program Files\NVIDIA GPU Computing Toolkit\CUDA\v8.0\include\math_functions.h(6252): warning C4819: 현재 코드 페이지(949)에서 표시할 수 없는 문자가 파일에 들어 있습니다. 데이터가 손실되지 않게 하려면 해당 파일을 유니코드 형식으로 저장하십시오.
C:\Program Files\NVIDIA GPU Computing Toolkit\CUDA\v8.0\include\math_functions.h(7142): warning C4819: 현재 코드 페이지(949)에서 표시할 수 없는 문자가 파일에 들어 있습니다. 데이터가 손실되지 않게 하려면 해당 파일을 유니코드 형식으로 저장하십시오.
C:\Program Files\NVIDIA GPU Computing Toolkit\CUDA\v8.0\include\math_functions.h(7956): warning C4819: 현재 코드 페이지(949)에서 표시할 수 없는 문자가 파일에 들어 있습니다. 데이터가 손실되지 않게 하려면 해당 파일을 유니코드 형식으로 저장하십시오.
C:\Program Files\NVIDIA GPU Computing Toolkit\CUDA\v8.0\include\math_functions.h : warning C4819: 현재 코드 페이지(949)에서 표시할 수 없는 문자가 파일에 들어 있습니다. 데이터가 손실되지 않게 하려면 해당 파일을 유니코드 형식으로 저장하십시오.
C:\Program Files\NVIDIA GPU Computing Toolkit\CUDA\v8.0\include\math_functions.h(849): warning C4819: 현재 코드 페이지(949)에서 표시할 수 없는 문자가 파일에 들어 있습니다. 데이터가 손실되지 않게 하려면 해당 파일을 유니코드 형식으로 저장하십시오.
C:\Program Files\NVIDIA GPU Computing Toolkit\CUDA\v8.0\include\math_functions.h(1787): warning C4819: 현재 코드 페이지(949)에서 표시할 수 없는 문자가 파일에 들어 있습니다. 데이터가 손실되지 않게 하려면 해당 파일을 유니코드 형식으로 저장하십시오.
C:\Program Files\NVIDIA GPU Computing Toolkit\CUDA\v8.0\include\math_functions.h(2637): warning C4819: 현재 코드 페이지(949)에서 표시할 수 없는 문자가 파일에 들어 있습니다. 데이터가 손실되지 않게 하려면 해당 파일을 유니코드 형식으로 저장하십시오.
C:\Program Files\NVIDIA GPU Computing Toolkit\CUDA\v8.0\include\math_functions.h(3492): warning C4819: 현재 코드 페이지(949)에서 표시할 수 없는 문자가 파일에 들어 있습니다. 데이터가 손실되지 않게 하려면 해당 파일을 유니코드 형식으로 저장하십시오.
C:\Program Files\NVIDIA GPU Computing Toolkit\CUDA\v8.0\include\math_functions.h(4431): warning C4819: 현재 코드 페이지(949)에서 표시할 수 없는 문자가 파일에 들어 있습니다. 데이터가 손실되지 않게 하려면 해당 파일을 유니코드 형식으로 저장하십시오.
C:\Program Files\NVIDIA GPU Computing Toolkit\CUDA\v8.0\include\math_functions.h(5345): warning C4819: 현재 코드 페이지(949)에서 표시할 수 없는 문자가 파일에 들어 있습니다. 데이터가 손실되지 않게 하려면 해당 파일을 유니코드 형식으로 저장하십시오.
C:\Program Files\NVIDIA GPU Computing Toolkit\CUDA\v8.0\include\math_functions.h(6252): warning C4819: 현재 코드 페이지(949)에서 표시할 수 없는 문자가 파일에 들어 있습니다. 데이터가 손실되지 않게 하려면 해당 파일을 유니코드 형식으로 저장하십시오.
C:\Program Files\NVIDIA GPU Computing Toolkit\CUDA\v8.0\include\math_functions.h(7142): warning C4819: 현재 코드 페이지(949)에서 표시할 수 없는 문자가 파일에 들어 있습니다. 데이터가 손실되지 않게 하려면 해당 파일을 유니코드 형식으로 저장하십시오.
C:\Program Files\NVIDIA GPU Computing Toolkit\CUDA\v8.0\include\math_functions.h(7956): warning C4819: 현재 코드 페이지(949)에서 표시할 수 없는 문자가 파일에 들어 있습니다. 데이터가 손실되지 않게 하려면 해당 파일을 유니코드 형식으로 저장하십시오.
d:\yoon\cuda\cudaraytracing\cudaraytracing\KMath.h(21): warning C4005: 'MIN': 매크로 재정의
d:\yoon\cuda\cudaraytracing\cudaraytracing\KMath.h(22): warning C4005: 'MAX': 매크로 재정의
d:\yoon\cuda\cudaraytracing\cudaraytracing\RayTracer.h(363): warning : a __device__ function("RayTracer::AddObject") redeclared without __device__, hence treated as a __host__ __device__ function
d:\yoon\cuda\cudaraytracing\cudaraytracing\RayTracer.h(414): warning : a __device__ function("RayTracer::AddLight") redeclared without __device__, hence treated as a __host__ __device__ function
c:\program files\nvidia gpu computing toolkit\cuda\v8.0\include\math_functions.h : warning C4819: 현재 코드 페이지(949)에서 표시할 수 없는 문자가 파일에 들어 있습니다. 데이터가 손실되지 않게 하려면 해당 파일을 유니코드 형식으로 저장하십시오.
c:\program files\nvidia gpu computing toolkit\cuda\v8.0\include\math_functions.h(849): warning C4819: 현재 코드 페이지(949)에서 표시할 수 없는 문자가 파일에 들어 있습니다. 데이터가 손실되지 않게 하려면 해당 파일을 유니코드 형식으로 저장하십시오.
c:\program files\nvidia gpu computing toolkit\cuda\v8.0\include\math_functions.h(1787): warning C4819: 현재 코드 페이지(949)에서 표시할 수 없는 문자가 파일에 들어 있습니다. 데이터가 손실되지 않게 하려면 해당 파일을 유니코드 형식으로 저장하십시오.
c:\program files\nvidia gpu computing toolkit\cuda\v8.0\include\math_functions.h(2637): warning C4819: 현재 코드 페이지(949)에서 표시할 수 없는 문자가 파일에 들어 있습니다. 데이터가 손실되지 않게 하려면 해당 파일을 유니코드 형식으로 저장하십시오.
c:\program files\nvidia gpu computing toolkit\cuda\v8.0\include\math_functions.h(3492): warning C4819: 현재 코드 페이지(949)에서 표시할 수 없는 문자가 파일에 들어 있습니다. 데이터가 손실되지 않게 하려면 해당 파일을 유니코드 형식으로 저장하십시오.
c:\program files\nvidia gpu computing toolkit\cuda\v8.0\include\math_functions.h(4431): warning C4819: 현재 코드 페이지(949)에서 표시할 수 없는 문자가 파일에 들어 있습니다. 데이터가 손실되지 않게 하려면 해당 파일을 유니코드 형식으로 저장하십시오.
c:\program files\nvidia gpu computing toolkit\cuda\v8.0\include\math_functions.h(5345): warning C4819: 현재 코드 페이지(949)에서 표시할 수 없는 문자가 파일에 들어 있습니다. 데이터가 손실되지 않게 하려면 해당 파일을 유니코드 형식으로 저장하십시오.
c:\program files\nvidia gpu computing toolkit\cuda\v8.0\include\math_functions.h(6252): warning C4819: 현재 코드 페이지(949)에서 표시할 수 없는 문자가 파일에 들어 있습니다. 데이터가 손실되지 않게 하려면 해당 파일을 유니코드 형식으로 저장하십시오.
c:\program files\nvidia gpu computing toolkit\cuda\v8.0\include\math_functions.h(7142): warning C4819: 현재 코드 페이지(949)에서 표시할 수 없는 문자가 파일에 들어 있습니다. 데이터가 손실되지 않게 하려면 해당 파일을 유니코드 형식으로 저장하십시오.
c:\program files\nvidia gpu computing toolkit\cuda\v8.0\include\math_functions.h(7956): warning C4819: 현재 코드 페이지(949)에서 표시할 수 없는 문자가 파일에 들어 있습니다. 데이터가 손실되지 않게 하려면 해당 파일을 유니코드 형식으로 저장하십시오.
c:\program files\nvidia gpu computing toolkit\cuda\v8.0\include\device_functions.h : warning C4819: 현재 코드 페이지(949)에서 표시할 수 없는 문자가 파일에 들어 있습니다. 데이터가 손실되지 않게 하려면 해당 파일을 유니코드 형식으로 저장하십시오.
c:\program files\nvidia gpu computing toolkit\cuda\v8.0\include\device_functions.h(774): warning C4819: 현재 코드 페이지(949)에서 표시할 수 없는 문자가 파일에 들어 있습니다. 데이터가 손실되지 않게 하려면 해당 파일을 유니코드 형식으로 저장하십시오.
c:\program files\nvidia gpu computing toolkit\cuda\v8.0\include\device_functions.h(1618): warning C4819: 현재 코드 페이지(949)에서 표시할 수 없는 문자가 파일에 들어 있습니다. 데이터가 손실되지 않게 하려면 해당 파일을 유니코드 형식으로 저장하십시오.
c:\program files\nvidia gpu computing toolkit\cuda\v8.0\include\device_double_functions.h : warning C4819: 현재 코드 페이지(949)에서 표시할 수 없는 문자가 파일에 들어 있습니다. 데이터가 손실되지 않게 하려면 해당 파일을 유니코드 형식으로 저장하십시오.
c:\program files\nvidia gpu computing toolkit\cuda\v8.0\include\sm_20_intrinsics.h : warning C4819: 현재 코드 페이지(949)에서 표시할 수 없는 문자가 파일에 들어 있습니다. 데이터가 손실되지 않게 하려면 해당 파일을 유니코드 형식으로 저장하십시오.
c:\program files\nvidia gpu computing toolkit\cuda\v8.0\include\sm_20_intrinsics.h(943): warning C4819: 현재 코드 페이지(949)에서 표시할 수 없는 문자가 파일에 들어 있습니다. 데이터가 손실되지 않게 하려면 해당 파일을 유니코드 형식으로 저장하십시오.
C:\Program Files\NVIDIA GPU Computing Toolkit\CUDA\v8.0\include\math_functions.h : warning C4819: 현재 코드 페이지(949)에서 표시할 수 없는 문자가 파일에 들어 있습니다. 데이터가 손실되지 않게 하려면 해당 파일을 유니코드 형식으로 저장하십시오.
C:\Program Files\NVIDIA GPU Computing Toolkit\CUDA\v8.0\include\math_functions.h(849): warning C4819: 현재 코드 페이지(949)에서 표시할 수 없는 문자가 파일에 들어 있습니다. 데이터가 손실되지 않게 하려면 해당 파일을 유니코드 형식으로 저장하십시오.
C:\Program Files\NVIDIA GPU Computing Toolkit\CUDA\v8.0\include\math_functions.h(1787): warning C4819: 현재 코드 페이지(949)에서 표시할 수 없는 문자가 파일에 들어 있습니다. 데이터가 손실되지 않게 하려면 해당 파일을 유니코드 형식으로 저장하십시오.
C:\Program Files\NVIDIA GPU Computing Toolkit\CUDA\v8.0\include\math_functions.h(2637): warning C4819: 현재 코드 페이지(949)에서 표시할 수 없는 문자가 파일에 들어 있습니다. 데이터가 손실되지 않게 하려면 해당 파일을 유니코드 형식으로 저장하십시오.
C:\Program Files\NVIDIA GPU Computing Toolkit\CUDA\v8.0\include\math_functions.h(3492): warning C4819: 현재 코드 페이지(949)에서 표시할 수 없는 문자가 파일에 들어 있습니다. 데이터가 손실되지 않게 하려면 해당 파일을 유니코드 형식으로 저장하십시오.
C:\Program Files\NVIDIA GPU Computing Toolkit\CUDA\v8.0\include\math_functions.h(4431): warning C4819: 현재 코드 페이지(949)에서 표시할 수 없는 문자가 파일에 들어 있습니다. 데이터가 손실되지 않게 하려면 해당 파일을 유니코드 형식으로 저장하십시오.
C:\Program Files\NVIDIA GPU Computing Toolkit\CUDA\v8.0\include\math_functions.h(5345): warning C4819: 현재 코드 페이지(949)에서 표시할 수 없는 문자가 파일에 들어 있습니다. 데이터가 손실되지 않게 하려면 해당 파일을 유니코드 형식으로 저장하십시오.
C:\Program Files\NVIDIA GPU Computing Toolkit\CUDA\v8.0\include\math_functions.h(6252): warning C4819: 현재 코드 페이지(949)에서 표시할 수 없는 문자가 파일에 들어 있습니다. 데이터가 손실되지 않게 하려면 해당 파일을 유니코드 형식으로 저장하십시오.
C:\Program Files\NVIDIA GPU Computing Toolkit\CUDA\v8.0\include\math_functions.h(7142): warning C4819: 현재 코드 페이지(949)에서 표시할 수 없는 문자가 파일에 들어 있습니다. 데이터가 손실되지 않게 하려면 해당 파일을 유니코드 형식으로 저장하십시오.
C:\Program Files\NVIDIA GPU Computing Toolkit\CUDA\v8.0\include\math_functions.h(7956): warning C4819: 현재 코드 페이지(949)에서 표시할 수 없는 문자가 파일에 들어 있습니다. 데이터가 손실되지 않게 하려면 해당 파일을 유니코드 형식으로 저장하십시오.
C:\Program Files\NVIDIA GPU Computing Toolkit\CUDA\v8.0\include\math_functions.h : warning C4819: 현재 코드 페이지(949)에서 표시할 수 없는 문자가 파일에 들어 있습니다. 데이터가 손실되지 않게 하려면 해당 파일을 유니코드 형식으로 저장하십시오.
C:\Program Files\NVIDIA GPU Computing Toolkit\CUDA\v8.0\include\math_functions.h(849): warning C4819: 현재 코드 페이지(949)에서 표시할 수 없는 문자가 파일에 들어 있습니다. 데이터가 손실되지 않게 하려면 해당 파일을 유니코드 형식으로 저장하십시오.
C:\Program Files\NVIDIA GPU Computing Toolkit\CUDA\v8.0\include\math_functions.h(1787): warning C4819: 현재 코드 페이지(949)에서 표시할 수 없는 문자가 파일에 들어 있습니다. 데이터가 손실되지 않게 하려면 해당 파일을 유니코드 형식으로 저장하십시오.
C:\Program Files\NVIDIA GPU Computing Toolkit\CUDA\v8.0\include\math_functions.h(2637): warning C4819: 현재 코드 페이지(949)에서 표시할 수 없는 문자가 파일에 들어 있습니다. 데이터가 손실되지 않게 하려면 해당 파일을 유니코드 형식으로 저장하십시오.
C:\Program Files\NVIDIA GPU Computing Toolkit\CUDA\v8.0\include\math_functions.h(3492): warning C4819: 현재 코드 페이지(949)에서 표시할 수 없는 문자가 파일에 들어 있습니다. 데이터가 손실되지 않게 하려면 해당 파일을 유니코드 형식으로 저장하십시오.
C:\Program Files\NVIDIA GPU Computing Toolkit\CUDA\v8.0\include\math_functions.h(4431): warning C4819: 현재 코드 페이지(949)에서 표시할 수 없는 문자가 파일에 들어 있습니다. 데이터가 손실되지 않게 하려면 해당 파일을 유니코드 형식으로 저장하십시오.
C:\Program Files\NVIDIA GPU Computing Toolkit\CUDA\v8.0\include\math_functions.h(5345): warning C4819: 현재 코드 페이지(949)에서 표시할 수 없는 문자가 파일에 들어 있습니다. 데이터가 손실되지 않게 하려면 해당 파일을 유니코드 형식으로 저장하십시오.
C:\Program Files\NVIDIA GPU Computing Toolkit\CUDA\v8.0\include\math_functions.h(6252): warning C4819: 현재 코드 페이지(949)에서 표시할 수 없는 문자가 파일에 들어 있습니다. 데이터가 손실되지 않게 하려면 해당 파일을 유니코드 형식으로 저장하십시오.
C:\Program Files\NVIDIA GPU Computing Toolkit\CUDA\v8.0\include\math_functions.h(7142): warning C4819: 현재 코드 페이지(949)에서 표시할 수 없는 문자가 파일에 들어 있습니다. 데이터가 손실되지 않게 하려면 해당 파일을 유니코드 형식으로 저장하십시오.
C:\Program Files\NVIDIA GPU Computing Toolkit\CUDA\v8.0\include\math_functions.h(7956): warning C4819: 현재 코드 페이지(949)에서 표시할 수 없는 문자가 파일에 들어 있습니다. 데이터가 손실되지 않게 하려면 해당 파일을 유니코드 형식으로 저장하십시오.
d:\yoon\cuda\cudaraytracing\cudaraytracing\KMath.h(21): warning C4005: 'MIN': 매크로 재정의
d:\yoon\cuda\cudaraytracing\cudaraytracing\KMath.h(22): warning C4005: 'MAX': 매크로 재정의
c:\program files\nvidia gpu computing toolkit\cuda\v8.0\include\math_functions.h : warning C4819: 현재 코드 페이지(949)에서 표시할 수 없는 문자가 파일에 들어 있습니다. 데이터가 손실되지 않게 하려면 해당 파일을 유니코드 형식으로 저장하십시오.
c:\program files\nvidia gpu computing toolkit\cuda\v8.0\include\math_functions.h(849): warning C4819: 현재 코드 페이지(949)에서 표시할 수 없는 문자가 파일에 들어 있습니다. 데이터가 손실되지 않게 하려면 해당 파일을 유니코드 형식으로 저장하십시오.
c:\program files\nvidia gpu computing toolkit\cuda\v8.0\include\math_functions.h(1787): warning C4819: 현재 코드 페이지(949)에서 표시할 수 없는 문자가 파일에 들어 있습니다. 데이터가 손실되지 않게 하려면 해당 파일을 유니코드 형식으로 저장하십시오.
c:\program files\nvidia gpu computing toolkit\cuda\v8.0\include\math_functions.h(2637): warning C4819: 현재 코드 페이지(949)에서 표시할 수 없는 문자가 파일에 들어 있습니다. 데이터가 손실되지 않게 하려면 해당 파일을 유니코드 형식으로 저장하십시오.
c:\program files\nvidia gpu computing toolkit\cuda\v8.0\include\math_functions.h(3492): warning C4819: 현재 코드 페이지(949)에서 표시할 수 없는 문자가 파일에 들어 있습니다. 데이터가 손실되지 않게 하려면 해당 파일을 유니코드 형식으로 저장하십시오.
c:\program files\nvidia gpu computing toolkit\cuda\v8.0\include\math_functions.h(4431): warning C4819: 현재 코드 페이지(949)에서 표시할 수 없는 문자가 파일에 들어 있습니다. 데이터가 손실되지 않게 하려면 해당 파일을 유니코드 형식으로 저장하십시오.
c:\program files\nvidia gpu computing toolkit\cuda\v8.0\include\math_functions.h(5345): warning C4819: 현재 코드 페이지(949)에서 표시할 수 없는 문자가 파일에 들어 있습니다. 데이터가 손실되지 않게 하려면 해당 파일을 유니코드 형식으로 저장하십시오.
c:\program files\nvidia gpu computing toolkit\cuda\v8.0\include\math_functions.h(6252): warning C4819: 현재 코드 페이지(949)에서 표시할 수 없는 문자가 파일에 들어 있습니다. 데이터가 손실되지 않게 하려면 해당 파일을 유니코드 형식으로 저장하십시오.
c:\program files\nvidia gpu computing toolkit\cuda\v8.0\include\math_functions.h(7142): warning C4819: 현재 코드 페이지(949)에서 표시할 수 없는 문자가 파일에 들어 있습니다. 데이터가 손실되지 않게 하려면 해당 파일을 유니코드 형식으로 저장하십시오.
c:\program files\nvidia gpu computing toolkit\cuda\v8.0\include\math_functions.h(7956): warning C4819: 현재 코드 페이지(949)에서 표시할 수 없는 문자가 파일에 들어 있습니다. 데이터가 손실되지 않게 하려면 해당 파일을 유니코드 형식으로 저장하십시오.
c:\program files\nvidia gpu computing toolkit\cuda\v8.0\include\math_functions.h : warning C4819: 현재 코드 페이지(949)에서 표시할 수 없는 문자가 파일에 들어 있습니다. 데이터가 손실되지 않게 하려면 해당 파일을 유니코드 형식으로 저장하십시오.
c:\program files\nvidia gpu computing toolkit\cuda\v8.0\include\math_functions.h(849): warning C4819: 현재 코드 페이지(949)에서 표시할 수 없는 문자가 파일에 들어 있습니다. 데이터가 손실되지 않게 하려면 해당 파일을 유니코드 형식으로 저장하십시오.
c:\program files\nvidia gpu computing toolkit\cuda\v8.0\include\math_functions.h(1787): warning C4819: 현재 코드 페이지(949)에서 표시할 수 없는 문자가 파일에 들어 있습니다. 데이터가 손실되지 않게 하려면 해당 파일을 유니코드 형식으로 저장하십시오.
c:\program files\nvidia gpu computing toolkit\cuda\v8.0\include\math_functions.h(2637): warning C4819: 현재 코드 페이지(949)에서 표시할 수 없는 문자가 파일에 들어 있습니다. 데이터가 손실되지 않게 하려면 해당 파일을 유니코드 형식으로 저장하십시오.
c:\program files\nvidia gpu computing toolkit\cuda\v8.0\include\math_functions.h(3492): warning C4819: 현재 코드 페이지(949)에서 표시할 수 없는 문자가 파일에 들어 있습니다. 데이터가 손실되지 않게 하려면 해당 파일을 유니코드 형식으로 저장하십시오.
c:\program files\nvidia gpu computing toolkit\cuda\v8.0\include\math_functions.h(4431): warning C4819: 현재 코드 페이지(949)에서 표시할 수 없는 문자가 파일에 들어 있습니다. 데이터가 손실되지 않게 하려면 해당 파일을 유니코드 형식으로 저장하십시오.
c:\program files\nvidia gpu computing toolkit\cuda\v8.0\include\math_functions.h(5345): warning C4819: 현재 코드 페이지(949)에서 표시할 수 없는 문자가 파일에 들어 있습니다. 데이터가 손실되지 않게 하려면 해당 파일을 유니코드 형식으로 저장하십시오.
c:\program files\nvidia gpu computing toolkit\cuda\v8.0\include\math_functions.h(6252): warning C4819: 현재 코드 페이지(949)에서 표시할 수 없는 문자가 파일에 들어 있습니다. 데이터가 손실되지 않게 하려면 해당 파일을 유니코드 형식으로 저장하십시오.
c:\program files\nvidia gpu computing toolkit\cuda\v8.0\include\math_functions.h(7142): warning C4819: 현재 코드 페이지(949)에서 표시할 수 없는 문자가 파일에 들어 있습니다. 데이터가 손실되지 않게 하려면 해당 파일을 유니코드 형식으로 저장하십시오.
c:\program files\nvidia gpu computing toolkit\cuda\v8.0\include\math_functions.h(7956): warning C4819: 현재 코드 페이지(949)에서 표시할 수 없는 문자가 파일에 들어 있습니다. 데이터가 손실되지 않게 하려면 해당 파일을 유니코드 형식으로 저장하십시오.
c:\program files\nvidia gpu computing toolkit\cuda\v8.0\include\device_functions_decls.h : warning C4819: 현재 코드 페이지(949)에서 표시할 수 없는 문자가 파일에 들어 있습니다. 데이터가 손실되지 않게 하려면 해당 파일을 유니코드 형식으로 저장하십시오.
c:\program files\nvidia gpu computing toolkit\cuda\v8.0\include\device_functions_decls.h(910): warning C4819: 현재 코드 페이지(949)에서 표시할 수 없는 문자가 파일에 들어 있습니다. 데이터가 손실되지 않게 하려면 해당 파일을 유니코드 형식으로 저장하십시오.
c:\program files\nvidia gpu computing toolkit\cuda\v8.0\include\device_functions_decls.h(1903): warning C4819: 현재 코드 페이지(949)에서 표시할 수 없는 문자가 파일에 들어 있습니다. 데이터가 손실되지 않게 하려면 해당 파일을 유니코드 형식으로 저장하십시오.
c:\program files\nvidia gpu computing toolkit\cuda\v8.0\include\device_functions_decls.h(2843): warning C4819: 현재 코드 페이지(949)에서 표시할 수 없는 문자가 파일에 들어 있습니다. 데이터가 손실되지 않게 하려면 해당 파일을 유니코드 형식으로 저장하십시오.
c:\program files\nvidia gpu computing toolkit\cuda\v8.0\include\device_functions_decls.h(3779): warning C4819: 현재 코드 페이지(949)에서 표시할 수 없는 문자가 파일에 들어 있습니다. 데이터가 손실되지 않게 하려면 해당 파일을 유니코드 형식으로 저장하십시오.
c:\program files\nvidia gpu computing toolkit\cuda\v8.0\include\device_functions_decls.h(4721): warning C4819: 현재 코드 페이지(949)에서 표시할 수 없는 문자가 파일에 들어 있습니다. 데이터가 손실되지 않게 하려면 해당 파일을 유니코드 형식으로 저장하십시오.
c:\program files\nvidia gpu computing toolkit\cuda\v8.0\include\device_functions_decls.h(5723): warning C4819: 현재 코드 페이지(949)에서 표시할 수 없는 문자가 파일에 들어 있습니다. 데이터가 손실되지 않게 하려면 해당 파일을 유니코드 형식으로 저장하십시오.
c:\program files\nvidia gpu computing toolkit\cuda\v8.0\include\device_functions_decls.h(6682): warning C4819: 현재 코드 페이지(949)에서 표시할 수 없는 문자가 파일에 들어 있습니다. 데이터가 손실되지 않게 하려면 해당 파일을 유니코드 형식으로 저장하십시오.
c:\program files\nvidia gpu computing toolkit\cuda\v8.0\include\device_functions_decls.h(7610): warning C4819: 현재 코드 페이지(949)에서 표시할 수 없는 문자가 파일에 들어 있습니다. 데이터가 손실되지 않게 하려면 해당 파일을 유니코드 형식으로 저장하십시오.
c:\program files\nvidia gpu computing toolkit\cuda\v8.0\include\device_functions_decls.h(8543): warning C4819: 현재 코드 페이지(949)에서 표시할 수 없는 문자가 파일에 들어 있습니다. 데이터가 손실되지 않게 하려면 해당 파일을 유니코드 형식으로 저장하십시오.
c:\program files\nvidia gpu computing toolkit\cuda\v8.0\include\device_functions_decls.h(9413): warning C4819: 현재 코드 페이지(949)에서 표시할 수 없는 문자가 파일에 들어 있습니다. 데이터가 손실되지 않게 하려면 해당 파일을 유니코드 형식으로 저장하십시오.
c:\program files\nvidia gpu computing toolkit\cuda\v8.0\include\device_functions_decls.h(10391): warning C4819: 현재 코드 페이지(949)에서 표시할 수 없는 문자가 파일에 들어 있습니다. 데이터가 손실되지 않게 하려면 해당 파일을 유니코드 형식으로 저장하십시오.
c:\program files\nvidia gpu computing toolkit\cuda\v8.0\include\device_functions_decls.h(11435): warning C4819: 현재 코드 페이지(949)에서 표시할 수 없는 문자가 파일에 들어 있습니다. 데이터가 손실되지 않게 하려면 해당 파일을 유니코드 형식으로 저장하십시오.
c:\program files\nvidia gpu computing toolkit\cuda\v8.0\include\device_functions.h : warning C4819: 현재 코드 페이지(949)에서 표시할 수 없는 문자가 파일에 들어 있습니다. 데이터가 손실되지 않게 하려면 해당 파일을 유니코드 형식으로 저장하십시오.
c:\program files\nvidia gpu computing toolkit\cuda\v8.0\include\device_functions.h(774): warning C4819: 현재 코드 페이지(949)에서 표시할 수 없는 문자가 파일에 들어 있습니다. 데이터가 손실되지 않게 하려면 해당 파일을 유니코드 형식으로 저장하십시오.
c:\program files\nvidia gpu computing toolkit\cuda\v8.0\include\device_functions.h(1618): warning C4819: 현재 코드 페이지(949)에서 표시할 수 없는 문자가 파일에 들어 있습니다. 데이터가 손실되지 않게 하려면 해당 파일을 유니코드 형식으로 저장하십시오.
c:\program files\nvidia gpu computing toolkit\cuda\v8.0\include\device_double_functions.h : warning C4819: 현재 코드 페이지(949)에서 표시할 수 없는 문자가 파일에 들어 있습니다. 데이터가 손실되지 않게 하려면 해당 파일을 유니코드 형식으로 저장하십시오.
c:\program files\nvidia gpu computing toolkit\cuda\v8.0\include\sm_20_intrinsics.h : warning C4819: 현재 코드 페이지(949)에서 표시할 수 없는 문자가 파일에 들어 있습니다. 데이터가 손실되지 않게 하려면 해당 파일을 유니코드 형식으로 저장하십시오.
c:\program files\nvidia gpu computing toolkit\cuda\v8.0\include\sm_20_intrinsics.h(943): warning C4819: 현재 코드 페이지(949)에서 표시할 수 없는 문자가 파일에 들어 있습니다. 데이터가 손실되지 않게 하려면 해당 파일을 유니코드 형식으로 저장하십시오.
c:\program files\nvidia gpu computing toolkit\cuda\v8.0\include\device_functions_decls.h : warning C4819: 현재 코드 페이지(949)에서 표시할 수 없는 문자가 파일에 들어 있습니다. 데이터가 손실되지 않게 하려면 해당 파일을 유니코드 형식으로 저장하십시오.
c:\program files\nvidia gpu computing toolkit\cuda\v8.0\include\device_functions_decls.h(910): warning C4819: 현재 코드 페이지(949)에서 표시할 수 없는 문자가 파일에 들어 있습니다. 데이터가 손실되지 않게 하려면 해당 파일을 유니코드 형식으로 저장하십시오.
c:\program files\nvidia gpu computing toolkit\cuda\v8.0\include\device_functions_decls.h(1903): warning C4819: 현재 코드 페이지(949)에서 표시할 수 없는 문자가 파일에 들어 있습니다. 데이터가 손실되지 않게 하려면 해당 파일을 유니코드 형식으로 저장하십시오.
c:\program files\nvidia gpu computing toolkit\cuda\v8.0\include\device_functions_decls.h(2843): warning C4819: 현재 코드 페이지(949)에서 표시할 수 없는 문자가 파일에 들어 있습니다. 데이터가 손실되지 않게 하려면 해당 파일을 유니코드 형식으로 저장하십시오.
c:\program files\nvidia gpu computing toolkit\cuda\v8.0\include\device_functions_decls.h(3779): warning C4819: 현재 코드 페이지(949)에서 표시할 수 없는 문자가 파일에 들어 있습니다. 데이터가 손실되지 않게 하려면 해당 파일을 유니코드 형식으로 저장하십시오.
c:\program files\nvidia gpu computing toolkit\cuda\v8.0\include\device_functions_decls.h(4721): warning C4819: 현재 코드 페이지(949)에서 표시할 수 없는 문자가 파일에 들어 있습니다. 데이터가 손실되지 않게 하려면 해당 파일을 유니코드 형식으로 저장하십시오.
c:\program files\nvidia gpu computing toolkit\cuda\v8.0\include\device_functions_decls.h(5723): warning C4819: 현재 코드 페이지(949)에서 표시할 수 없는 문자가 파일에 들어 있습니다. 데이터가 손실되지 않게 하려면 해당 파일을 유니코드 형식으로 저장하십시오.
c:\program files\nvidia gpu computing toolkit\cuda\v8.0\include\device_functions_decls.h(6682): warning C4819: 현재 코드 페이지(949)에서 표시할 수 없는 문자가 파일에 들어 있습니다. 데이터가 손실되지 않게 하려면 해당 파일을 유니코드 형식으로 저장하십시오.
c:\program files\nvidia gpu computing toolkit\cuda\v8.0\include\device_functions_decls.h(7610): warning C4819: 현재 코드 페이지(949)에서 표시할 수 없는 문자가 파일에 들어 있습니다. 데이터가 손실되지 않게 하려면 해당 파일을 유니코드 형식으로 저장하십시오.
c:\program files\nvidia gpu computing toolkit\cuda\v8.0\include\device_functions_decls.h(8543): warning C4819: 현재 코드 페이지(949)에서 표시할 수 없는 문자가 파일에 들어 있습니다. 데이터가 손실되지 않게 하려면 해당 파일을 유니코드 형식으로 저장하십시오.
c:\program files\nvidia gpu computing toolkit\cuda\v8.0\include\device_functions_decls.h(9413): warning C4819: 현재 코드 페이지(949)에서 표시할 수 없는 문자가 파일에 들어 있습니다. 데이터가 손실되지 않게 하려면 해당 파일을 유니코드 형식으로 저장하십시오.
c:\program files\nvidia gpu computing toolkit\cuda\v8.0\include\device_functions_decls.h(10391): warning C4819: 현재 코드 페이지(949)에서 표시할 수 없는 문자가 파일에 들어 있습니다. 데이터가 손실되지 않게 하려면 해당 파일을 유니코드 형식으로 저장하십시오.
c:\program files\nvidia gpu computing toolkit\cuda\v8.0\include\device_functions_decls.h(11435): warning C4819: 현재 코드 페이지(949)에서 표시할 수 없는 문자가 파일에 들어 있습니다. 데이터가 손실되지 않게 하려면 해당 파일을 유니코드 형식으로 저장하십시오.
c:\program files\nvidia gpu computing toolkit\cuda\v8.0\include\device_functions.h : warning C4819: 현재 코드 페이지(949)에서 표시할 수 없는 문자가 파일에 들어 있습니다. 데이터가 손실되지 않게 하려면 해당 파일을 유니코드 형식으로 저장하십시오.
c:\program files\nvidia gpu computing toolkit\cuda\v8.0\include\device_functions.h(774): warning C4819: 현재 코드 페이지(949)에서 표시할 수 없는 문자가 파일에 들어 있습니다. 데이터가 손실되지 않게 하려면 해당 파일을 유니코드 형식으로 저장하십시오.
c:\program files\nvidia gpu computing toolkit\cuda\v8.0\include\device_functions.h(1618): warning C4819: 현재 코드 페이지(949)에서 표시할 수 없는 문자가 파일에 들어 있습니다. 데이터가 손실되지 않게 하려면 해당 파일을 유니코드 형식으로 저장하십시오.
CUDACOMPILE : ptxas warning : Stack size for entry function '_Z8RayTraceP9RayTracerPh' cannot be statically determined
c:\program files\nvidia gpu computing toolkit\cuda\v8.0\include\math_functions.h : warning C4819: 현재 코드 페이지(949)에서 표시할 수 없는 문자가 파일에 들어 있습니다. 데이터가 손실되지 않게 하려면 해당 파일을 유니코드 형식으로 저장하십시오.
c:\program files\nvidia gpu computing toolkit\cuda\v8.0\include\math_functions.h(849): warning C4819: 현재 코드 페이지(949)에서 표시할 수 없는 문자가 파일에 들어 있습니다. 데이터가 손실되지 않게 하려면 해당 파일을 유니코드 형식으로 저장하십시오.
c:\program files\nvidia gpu computing toolkit\cuda\v8.0\include\math_functions.h(1787): warning C4819: 현재 코드 페이지(949)에서 표시할 수 없는 문자가 파일에 들어 있습니다. 데이터가 손실되지 않게 하려면 해당 파일을 유니코드 형식으로 저장하십시오.
c:\program files\nvidia gpu computing toolkit\cuda\v8.0\include\math_functions.h(2637): warning C4819: 현재 코드 페이지(949)에서 표시할 수 없는 문자가 파일에 들어 있습니다. 데이터가 손실되지 않게 하려면 해당 파일을 유니코드 형식으로 저장하십시오.
c:\program files\nvidia gpu computing toolkit\cuda\v8.0\include\math_functions.h(3492): warning C4819: 현재 코드 페이지(949)에서 표시할 수 없는 문자가 파일에 들어 있습니다. 데이터가 손실되지 않게 하려면 해당 파일을 유니코드 형식으로 저장하십시오.
c:\program files\nvidia gpu computing toolkit\cuda\v8.0\include\math_functions.h(4431): warning C4819: 현재 코드 페이지(949)에서 표시할 수 없는 문자가 파일에 들어 있습니다. 데이터가 손실되지 않게 하려면 해당 파일을 유니코드 형식으로 저장하십시오.
c:\program files\nvidia gpu computing toolkit\cuda\v8.0\include\math_functions.h(5345): warning C4819: 현재 코드 페이지(949)에서 표시할 수 없는 문자가 파일에 들어 있습니다. 데이터가 손실되지 않게 하려면 해당 파일을 유니코드 형식으로 저장하십시오.
c:\program files\nvidia gpu computing toolkit\cuda\v8.0\include\math_functions.h(6252): warning C4819: 현재 코드 페이지(949)에서 표시할 수 없는 문자가 파일에 들어 있습니다. 데이터가 손실되지 않게 하려면 해당 파일을 유니코드 형식으로 저장하십시오.
c:\program files\nvidia gpu computing toolkit\cuda\v8.0\include\math_functions.h(7142): warning C4819: 현재 코드 페이지(949)에서 표시할 수 없는 문자가 파일에 들어 있습니다. 데이터가 손실되지 않게 하려면 해당 파일을 유니코드 형식으로 저장하십시오.
c:\program files\nvidia gpu computing toolkit\cuda\v8.0\include\math_functions.h(7956): warning C4819: 현재 코드 페이지(949)에서 표시할 수 없는 문자가 파일에 들어 있습니다. 데이터가 손실되지 않게 하려면 해당 파일을 유니코드 형식으로 저장하십시오.
CUDACOMPILE : nvcc warning : The 'compute_20', 'sm_20', and 'sm_21' architectures are deprecated, and may be removed in a future release (Use -Wno-deprecated-gpu-targets to suppress warning).
  kernel.cu
d:\yoon\cuda\cudaraytracing\cudaraytracing\KMath.h(449): warning C4244: '=': 'double'에서 'float'(으)로 변환하면서 데이터가 손실될 수 있습니다.
d:\yoon\cuda\cudaraytracing\cudaraytracing\Camera.h(69): warning C4244: '인수': 'int'에서 'const float'(으)로 변환하면서 데이터가 손실될 수 있습니다.
d:\yoon\cuda\cudaraytracing\cudaraytracing\Color.h(92): warning C4244: '*=': 'const double'에서 'unsigned char'(으)로 변환하면서 데이터가 손실될 수 있습니다.
d:\yoon\cuda\cudaraytracing\cudaraytracing\Color.h(137): warning C4244: '*=': 'const double'에서 'unsigned char'(으)로 변환하면서 데이터가 손실될 수 있습니다.
  CudaRayTracing.vcxproj -> D:\Yoon\Cuda\CudaRayTracing\x64\Debug\CudaRayTracing.exe
  CudaRayTracing.vcxproj -> D:\Yoon\Cuda\CudaRayTracing\x64\Debug\CudaRayTracing.pdb (Full PDB)
  copy "C:\Program Files\NVIDIA GPU Computing Toolkit\CUDA\v8.0\bin\cudart*.dll" "D:\Yoon\Cuda\CudaRayTracing\x64\Debug\"
  C:\Program Files\NVIDIA GPU Computing Toolkit\CUDA\v8.0\bin\cudart32_80.dll
  C:\Program Files\NVIDIA GPU Computing Toolkit\CUDA\v8.0\bin\cudart64_80.dll
          2개 파일이 복사되었습니다.
